<?xml version="1.0" encoding="UTF-8"?>
<!-- Generated by org.testng.reporters.JUnitReportReporter -->
<testsuite hostname="GQCHND1013" name="com.demo.jenkins.RegistrationTest" tests="1" failures="0" timestamp="12 Nov 2015 06:41:39 GMT" time="10.693" errors="0">
  <testcase name="testRegister" time="10.693" classname="com.demo.jenkins.RegistrationTest"/>
</testsuite> <!-- com.demo.jenkins.RegistrationTest -->
