<?xml version="1.0" encoding="UTF-8"?>
<!-- Generated by org.testng.reporters.JUnitReportReporter -->
<testsuite hostname="GQCHND1013" name="com.demo.jenkins.RegistrationTest" tests="1" failures="0" timestamp="6 Nov 2015 07:26:01 GMT" time="15.836" errors="0">
  <testcase name="testRegister" time="15.836" classname="com.demo.jenkins.RegistrationTest"/>
</testsuite> <!-- com.demo.jenkins.RegistrationTest -->
