<?xml version="1.0" encoding="UTF-8"?>
<!-- Generated by org.testng.reporters.JUnitReportReporter -->
<testsuite hostname="GQCHND1013" name="RegistrationTest" tests="1" failures="0" timestamp="5 Nov 2015 09:19:30 GMT" time="21.285" errors="0">
  <testcase name="testRegister" time="21.285" classname="RegistrationTest"/>
</testsuite> <!-- RegistrationTest -->
